2025-04-03 12:25:01,400 INFO o.a.j.u.JMeterUtils: Setting Locale to en_EN
2025-04-03 12:25:01,428 INFO o.a.j.JMeter: Loading user properties from: C:\Users\Admin\Downloads\apache-jmeter-5.6.3\apache-jmeter-5.6.3\bin\user.properties
2025-04-03 12:25:01,430 INFO o.a.j.JMeter: Loading system properties from: C:\Users\Admin\Downloads\apache-jmeter-5.6.3\apache-jmeter-5.6.3\bin\system.properties
2025-04-03 12:25:01,440 INFO o.a.j.JMeter: Copyright (c) 1998-2024 The Apache Software Foundation
2025-04-03 12:25:01,440 INFO o.a.j.JMeter: Version 5.6.3
2025-04-03 12:25:01,440 INFO o.a.j.JMeter: java.version=23.0.2
2025-04-03 12:25:01,440 INFO o.a.j.JMeter: java.vm.name=Java HotSpot(TM) 64-Bit Server VM
2025-04-03 12:25:01,440 INFO o.a.j.JMeter: os.name=Windows 11
2025-04-03 12:25:01,440 INFO o.a.j.JMeter: os.arch=amd64
2025-04-03 12:25:01,440 INFO o.a.j.JMeter: os.version=10.0
2025-04-03 12:25:01,440 INFO o.a.j.JMeter: file.encoding=UTF-8
2025-04-03 12:25:01,440 INFO o.a.j.JMeter: java.awt.headless=true
2025-04-03 12:25:01,440 INFO o.a.j.JMeter: Max memory     =1073741824
2025-04-03 12:25:01,440 INFO o.a.j.JMeter: Available Processors =8
2025-04-03 12:25:01,456 INFO o.a.j.JMeter: Default Locale=English (EN)
2025-04-03 12:25:01,456 INFO o.a.j.JMeter: JMeter  Locale=English (EN)
2025-04-03 12:25:01,456 INFO o.a.j.JMeter: JMeterHome=C:\Users\Admin\Downloads\apache-jmeter-5.6.3\apache-jmeter-5.6.3
2025-04-03 12:25:01,456 INFO o.a.j.JMeter: user.dir  =C:\Users\Admin\Downloads\ProjetJmetre_Departement\departement
2025-04-03 12:25:01,456 INFO o.a.j.JMeter: PWD       =C:\Users\Admin\Downloads\ProjetJmetre_Departement\departement
2025-04-03 12:25:01,472 INFO o.a.j.JMeter: IP: 192.168.1.55 Name: DESKTOP-GC5LS2P FullName: DESKTOP-GC5LS2P.lan
2025-04-03 12:25:01,488 INFO o.a.j.s.FileServer: Default base='C:\Users\Admin\Downloads\ProjetJmetre_Departement\departement'
2025-04-03 12:25:01,488 INFO o.a.j.s.FileServer: Set new base='C:\Users\Admin\Downloads\ProjetJmetre_Departement\departement\src\test\jmeter'
2025-04-03 12:25:01,928 INFO o.a.j.s.SaveService: Testplan (JMX) version: 2.2. Testlog (JTL) version: 2.2
2025-04-03 12:25:01,965 INFO o.a.j.s.SaveService: Using SaveService properties version 5.0
2025-04-03 12:25:01,976 INFO o.a.j.s.SaveService: Using SaveService properties file encoding UTF-8
2025-04-03 12:25:01,984 INFO o.a.j.s.SaveService: Loading file: src\test\jmeter\Plandetestdepartements.jmx
2025-04-03 12:25:02,093 INFO o.a.j.p.h.s.HTTPSamplerBase: Parser for text/html is org.apache.jmeter.protocol.http.parser.LagartoBasedHtmlParser
2025-04-03 12:25:02,093 INFO o.a.j.p.h.s.HTTPSamplerBase: Parser for application/xhtml+xml is org.apache.jmeter.protocol.http.parser.LagartoBasedHtmlParser
2025-04-03 12:25:02,093 INFO o.a.j.p.h.s.HTTPSamplerBase: Parser for application/xml is org.apache.jmeter.protocol.http.parser.LagartoBasedHtmlParser
2025-04-03 12:25:02,093 INFO o.a.j.p.h.s.HTTPSamplerBase: Parser for text/xml is org.apache.jmeter.protocol.http.parser.LagartoBasedHtmlParser
2025-04-03 12:25:02,093 INFO o.a.j.p.h.s.HTTPSamplerBase: Parser for text/vnd.wap.wml is org.apache.jmeter.protocol.http.parser.RegexpHTMLParser
2025-04-03 12:25:02,093 INFO o.a.j.p.h.s.HTTPSamplerBase: Parser for text/css is org.apache.jmeter.protocol.http.parser.CssParser
2025-04-03 12:25:02,178 INFO o.a.j.JMeter: Creating summariser <summary>
2025-04-03 12:25:02,237 INFO o.a.j.e.StandardJMeterEngine: Running the test!
2025-04-03 12:25:02,239 INFO o.a.j.s.SampleEvent: List of sample_variables: []
2025-04-03 12:25:02,240 INFO o.a.j.s.SampleEvent: List of sample_variables: []
2025-04-03 12:25:02,257 INFO o.a.j.e.u.CompoundVariable: Note: Function class names must contain the string: '.functions.'
2025-04-03 12:25:02,257 INFO o.a.j.e.u.CompoundVariable: Note: Function class names must not contain the string: '.gui.'
2025-04-03 12:25:02,465 INFO o.a.j.JMeter: Running test (1743675902465)
2025-04-03 12:25:02,506 INFO o.a.j.e.StandardJMeterEngine: Starting ThreadGroup: 1 : Groupe d'unités Dep_Api
2025-04-03 12:25:02,506 INFO o.a.j.e.StandardJMeterEngine: Starting 1 threads for group Groupe d'unités Dep_Api.
2025-04-03 12:25:02,506 INFO o.a.j.e.StandardJMeterEngine: Thread will continue on error
2025-04-03 12:25:02,506 INFO o.a.j.t.ThreadGroup: Starting thread group... number=1 threads=1 ramp-up=1 delayedStart=false
2025-04-03 12:25:02,515 INFO o.a.j.t.ThreadGroup: Started thread group number 1
2025-04-03 12:25:02,515 INFO o.a.j.e.StandardJMeterEngine: Starting ThreadGroup: 2 : Groupe d'unités Dep_BDD
2025-04-03 12:25:02,515 INFO o.a.j.e.StandardJMeterEngine: Starting 1 threads for group Groupe d'unités Dep_BDD.
2025-04-03 12:25:02,515 INFO o.a.j.e.StandardJMeterEngine: Thread will continue on error
2025-04-03 12:25:02,515 INFO o.a.j.t.ThreadGroup: Starting thread group... number=2 threads=1 ramp-up=1 delayedStart=false
2025-04-03 12:25:02,515 INFO o.a.j.t.ThreadGroup: Started thread group number 2
2025-04-03 12:25:02,515 INFO o.a.j.e.StandardJMeterEngine: All thread groups have been started
2025-04-03 12:25:02,521 INFO o.a.j.t.JMeterThread: Thread started: Groupe d'unités Dep_BDD 2-1
2025-04-03 12:25:02,521 INFO o.a.j.t.JMeterThread: Thread started: Groupe d'unités Dep_Api 1-1
2025-04-03 12:25:02,571 INFO o.a.j.s.SampleResult: Note: Sample TimeStamps are START times
2025-04-03 12:25:02,571 INFO o.a.j.s.SampleResult: sampleresult.default.encoding is set to UTF-8
2025-04-03 12:25:02,571 INFO o.a.j.s.SampleResult: sampleresult.useNanoTime=true
2025-04-03 12:25:02,571 INFO o.a.j.s.SampleResult: sampleresult.nanoThreadSleep=5000
2025-04-03 12:25:02,571 INFO o.a.j.p.h.s.HTTPHCAbstractImpl: Local host = DESKTOP-GC5LS2P
2025-04-03 12:25:02,596 INFO o.a.j.p.h.s.HTTPHC4Impl: HTTP request retry count = 0
2025-04-03 12:25:02,977 INFO o.a.j.r.Summariser: summary +      1 in 00:00:01 =    2.0/s Avg:   106 Min:   106 Max:   106 Err:     0 (0.00%) Active: 2 Started: 2 Finished: 0
2025-04-03 12:25:02,977 INFO o.a.j.t.JMeterThread: Thread is done: Groupe d'unités Dep_Api 1-1
2025-04-03 12:25:02,977 INFO o.a.j.t.JMeterThread: Thread finished: Groupe d'unités Dep_Api 1-1
2025-04-03 12:25:05,640 INFO o.a.j.t.JMeterThread: Thread is done: Groupe d'unités Dep_BDD 2-1
2025-04-03 12:25:05,640 INFO o.a.j.t.JMeterThread: Thread finished: Groupe d'unités Dep_BDD 2-1
2025-04-03 12:25:05,640 INFO o.a.j.e.StandardJMeterEngine: Notifying test listeners of end of test
2025-04-03 12:25:05,642 INFO o.a.j.r.Summariser: summary +      1 in 00:00:03 =    0.4/s Avg:  3066 Min:  3066 Max:  3066 Err:     0 (0.00%) Active: 0 Started: 2 Finished: 2
2025-04-03 12:25:05,644 INFO o.a.j.r.Summariser: summary =      2 in 00:00:03 =    0.6/s Avg:  1586 Min:   106 Max:  3066 Err:     0 (0.00%)
